0 info it worked if it ends with ok
1 verbose cli [ 'C:\\Program Files\\nodejs\\node.exe',
1 verbose cli   'C:\\Program Files\\nodejs\\node_modules\\npm\\bin\\npm-cli.js',
1 verbose cli   'install',
1 verbose cli   '-g',
1 verbose cli   'bower' ]
2 info using npm@2.14.3
3 info using node@v4.1.0
4 verbose install initial load of C:\Program Files\nodejs\node_global\package.json
5 verbose readDependencies loading dependencies from C:\Program Files\nodejs\node_global\package.json
6 silly cache add args [ 'bower', null ]
7 verbose cache add spec bower
8 silly cache add parsed spec Result {
8 silly cache add   raw: 'bower',
8 silly cache add   scope: null,
8 silly cache add   name: 'bower',
8 silly cache add   rawSpec: '',
8 silly cache add   spec: '*',
8 silly cache add   type: 'range' }
9 silly addNamed bower@*
10 verbose addNamed "*" is a valid semver range for bower
11 silly addNameRange { name: 'bower', range: '*', hasData: false }
12 silly mapToRegistry name bower
13 silly mapToRegistry using default registry
14 silly mapToRegistry registry https://registry.npmjs.org/
15 silly mapToRegistry uri https://registry.npmjs.org/bower
16 verbose addNameRange registry:https://registry.npmjs.org/bower not in flight; fetching
17 verbose request uri https://registry.npmjs.org/bower
18 verbose request no auth needed
19 info attempt registry request try #1 at 5:20:12 PM
20 verbose request id 0fd804704cb83025
21 verbose etag "1UEAMQBQL100C69LQBPTRT1TD"
22 http request GET https://registry.npmjs.org/bower
23 info retry will retry, error on last attempt: Error: read ECONNRESET
24 info attempt registry request try #2 at 5:21:16 PM
25 verbose etag "1UEAMQBQL100C69LQBPTRT1TD"
26 http request GET https://registry.npmjs.org/bower
27 info retry will retry, error on last attempt: Error: read ECONNRESET
28 info attempt registry request try #3 at 5:23:14 PM
29 verbose etag "1UEAMQBQL100C69LQBPTRT1TD"
30 http request GET https://registry.npmjs.org/bower
31 silly get cb [ 304, undefined ]
32 verbose etag https://registry.npmjs.org/bower from cache
33 verbose get saving bower to C:\Program Files\nodejs\node_cache\registry.npmjs.org\bower\.cache.json
34 silly addNameRange number 2 { name: 'bower', range: '*', hasData: true }
35 silly addNameRange versions [ 'bower',
35 silly addNameRange   [ '0.1.0',
35 silly addNameRange     '0.1.2',
35 silly addNameRange     '0.1.3',
35 silly addNameRange     '0.2.0',
35 silly addNameRange     '0.3.0',
35 silly addNameRange     '0.3.1',
35 silly addNameRange     '0.3.2',
35 silly addNameRange     '0.4.0',
35 silly addNameRange     '0.5.0',
35 silly addNameRange     '0.5.1',
35 silly addNameRange     '0.6.0',
35 silly addNameRange     '0.6.1',
35 silly addNameRange     '0.6.2',
35 silly addNameRange     '0.6.3',
35 silly addNameRange     '0.6.4',
35 silly addNameRange     '0.6.5',
35 silly addNameRange     '0.6.6',
35 silly addNameRange     '0.6.7',
35 silly addNameRange     '0.6.8',
35 silly addNameRange     '0.7.0',
35 silly addNameRange     '0.7.1',
35 silly addNameRange     '0.8.0',
35 silly addNameRange     '0.8.1',
35 silly addNameRange     '0.8.2',
35 silly addNameRange     '0.8.3',
35 silly addNameRange     '0.8.4',
35 silly addNameRange     '0.8.5',
35 silly addNameRange     '0.8.6',
35 silly addNameRange     '0.9.0',
35 silly addNameRange     '0.9.1',
35 silly addNameRange     '0.9.2',
35 silly addNameRange     '0.10.0',
35 silly addNameRange     '1.0.0',
35 silly addNameRange     '1.0.1',
35 silly addNameRange     '1.0.2',
35 silly addNameRange     '1.0.3',
35 silly addNameRange     '1.1.0',
35 silly addNameRange     '1.1.1',
35 silly addNameRange     '1.1.2',
35 silly addNameRange     '1.2.0',
35 silly addNameRange     '1.2.1',
35 silly addNameRange     '1.2.2',
35 silly addNameRange     '1.2.3',
35 silly addNameRange     '1.2.4',
35 silly addNameRange     '1.2.5',
35 silly addNameRange     '1.2.6',
35 silly addNameRange     '1.2.7',
35 silly addNameRange     '1.2.8',
35 silly addNameRange     '1.3.0',
35 silly addNameRange     '1.3.1',
35 silly addNameRange     '1.3.2',
35 silly addNameRange     '1.3.3',
35 silly addNameRange     '1.3.4',
35 silly addNameRange     '1.3.5',
35 silly addNameRange     '1.3.6',
35 silly addNameRange     '1.3.7',
35 silly addNameRange     '1.3.8',
35 silly addNameRange     '1.3.9',
35 silly addNameRange     '1.3.10',
35 silly addNameRange     '1.3.11',
35 silly addNameRange     '1.3.12',
35 silly addNameRange     '1.4.0',
35 silly addNameRange     '1.4.1',
35 silly addNameRange     '1.5.0',
35 silly addNameRange     '1.5.1',
35 silly addNameRange     '1.5.2',
35 silly addNameRange     '1.5.3' ] ]
36 silly addNamed bower@1.5.3
37 verbose addNamed "1.5.3" is a plain semver version for bower
38 silly cache afterAdd bower@1.5.3
39 verbose afterAdd C:\Program Files\nodejs\node_cache\bower\1.5.3\package\package.json not in flight; writing
40 verbose afterAdd C:\Program Files\nodejs\node_cache\bower\1.5.3\package\package.json written
41 silly install resolved [ { name: 'bower',
41 silly install resolved     version: '1.5.3',
41 silly install resolved     description: 'The browser package manager',
41 silly install resolved     author: { name: 'Twitter' },
41 silly install resolved     license: 'MIT',
41 silly install resolved     repository: { type: 'git', url: 'git+https://github.com/bower/bower.git' },
41 silly install resolved     main: 'lib',
41 silly install resolved     homepage: 'http://bower.io',
41 silly install resolved     engines: { node: '>=0.10.0' },
41 silly install resolved     dependencies:
41 silly install resolved      { abbrev: '^1.0.5',
41 silly install resolved        archy: '1.0.0',
41 silly install resolved        'bower-config': '^0.6.1',
41 silly install resolved        'bower-endpoint-parser': '^0.2.2',
41 silly install resolved        'bower-json': '^0.4.0',
41 silly install resolved        'bower-logger': '^0.2.2',
41 silly install resolved        'bower-registry-client': '^0.3.0',
41 silly install resolved        cardinal: '0.4.4',
41 silly install resolved        chalk: '^1.0.0',
41 silly install resolved        chmodr: '0.1.0',
41 silly install resolved        configstore: '^0.3.2',
41 silly install resolved        'decompress-zip': '^0.1.0',
41 silly install resolved        fstream: '^1.0.3',
41 silly install resolved        'fstream-ignore': '^1.0.2',
41 silly install resolved        github: '^0.2.3',
41 silly install resolved        glob: '^4.3.2',
41 silly install resolved        'graceful-fs': '^3.0.5',
41 silly install resolved        handlebars: '^2.0.0',
41 silly install resolved        inquirer: '0.8.0',
41 silly install resolved        insight: '^0.7.0',
41 silly install resolved        'is-root': '^1.0.0',
41 silly install resolved        junk: '^1.0.0',
41 silly install resolved        lockfile: '^1.0.0',
41 silly install resolved        'lru-cache': '^2.5.0',
41 silly install resolved        'md5-hex': '^1.0.2',
41 silly install resolved        mkdirp: '0.5.0',
41 silly install resolved        mout: '^0.11.0',
41 silly install resolved        nopt: '^3.0.1',
41 silly install resolved        opn: '^1.0.1',
41 silly install resolved        'p-throttler': '0.1.1',
41 silly install resolved        promptly: '0.2.0',
41 silly install resolved        q: '^1.1.2',
41 silly install resolved        request: '2.53.0',
41 silly install resolved        'request-progress': '0.3.1',
41 silly install resolved        retry: '0.6.1',
41 silly install resolved        rimraf: '^2.2.8',
41 silly install resolved        semver: '^2.3.0',
41 silly install resolved        'shell-quote': '^1.4.2',
41 silly install resolved        'stringify-object': '^1.0.0',
41 silly install resolved        'tar-fs': '^1.4.1',
41 silly install resolved        tmp: '0.0.24',
41 silly install resolved        'update-notifier': '^0.3.0',
41 silly install resolved        'user-home': '^1.1.0',
41 silly install resolved        which: '^1.0.8' },
41 silly install resolved     devDependencies:
41 silly install resolved      { chai: '^1.10.0',
41 silly install resolved        coveralls: '^2.11.2',
41 silly install resolved        'expect.js': '^0.3.1',
41 silly install resolved        grunt: '^0.4.5',
41 silly install resolved        'grunt-cli': '^0.1.13',
41 silly install resolved        'grunt-contrib-jshint': '^0.10.0',
41 silly install resolved        'grunt-contrib-watch': '^0.6.1',
41 silly install resolved        'grunt-exec': '^0.4.6',
41 silly install resolved        'grunt-simple-mocha': '^0.4.0',
41 silly install resolved        istanbul: '^0.3.5',
41 silly install resolved        'load-grunt-tasks': '^2.0.0',
41 silly install resolved        mocha: '^2.1.0',
41 silly install resolved        multiline: '^1.0.2',
41 silly install resolved        nock: '^0.56.0',
41 silly install resolved        'node-uuid': '^1.4.2',
41 silly install resolved        proxyquire: '^1.3.0',
41 silly install resolved        'spawn-sync': '^1.0.5' },
41 silly install resolved     scripts: { test: 'grunt test' },
41 silly install resolved     bin: { bower: 'bin/bower' },
41 silly install resolved     files: [ 'bin', 'lib', 'templates' ],
41 silly install resolved     gitHead: '66310523d16a1f342f3da2aa49ea90d927fe7d46',
41 silly install resolved     bugs: { url: 'https://github.com/bower/bower/issues' },
41 silly install resolved     _id: 'bower@1.5.3',
41 silly install resolved     _shasum: 'ee5d7952e114e30b18795e20e9fefcc5b4cf963d',
41 silly install resolved     _from: 'bower@*',
41 silly install resolved     _npmVersion: '1.4.28',
41 silly install resolved     _npmUser: { name: 'sheerun', email: 'sheerun@sher.pl' },
41 silly install resolved     maintainers: [ [Object], [Object], [Object], [Object], [Object], [Object] ],
41 silly install resolved     dist:
41 silly install resolved      { shasum: 'ee5d7952e114e30b18795e20e9fefcc5b4cf963d',
41 silly install resolved        tarball: 'http://registry.npmjs.org/bower/-/bower-1.5.3.tgz' },
41 silly install resolved     directories: {},
41 silly install resolved     _resolved: 'https://registry.npmjs.org/bower/-/bower-1.5.3.tgz',
41 silly install resolved     readme: 'ERROR: No README data found!' } ]
42 info install bower@1.5.3 into C:\Program Files\nodejs\node_global
43 info installOne bower@1.5.3
44 verbose installOne of bower to C:\Program Files\nodejs\node_global not in flight; installing
45 verbose lock using C:\Program Files\nodejs\node_cache\_locks\bower-895df03f3b05a740.lock for C:\Program Files\nodejs\node_global\node_modules\bower
46 silly install write writing bower 1.5.3 to C:\Program Files\nodejs\node_global\node_modules\bower
47 verbose unbuild node_modules\bower
48 info preuninstall bower@1.5.2
49 info uninstall bower@1.5.2
50 verbose unbuild rmStuff bower@1.5.2 from C:\Program Files\nodejs\node_global\node_modules
51 silly gentlyRm C:\Program Files\nodejs\node_global\bower.cmd is being gently removed
52 silly gentlyRm verifying C:\Program Files\nodejs\node_global is an npm working directory
53 silly gentlyRm containing path C:\Program Files\nodejs\node_global is under npm's control, in C:\Program Files\nodejs\node_global
54 silly gentlyRm deletion target C:\Program Files\nodejs\node_global\bower.cmd is under C:\Program Files\nodejs\node_global
55 verbose gentlyRm vacuuming from C:\Program Files\nodejs\node_global\bower.cmd up to C:\Program Files\nodejs\node_global
56 silly vacuum-fs removing C:\Program Files\nodejs\node_global\bower.cmd
57 silly vacuum-fs finished vacuuming up to C:\Program Files\nodejs\node_global
58 silly gentlyRm C:\Program Files\nodejs\node_global\bower is being gently removed
59 silly gentlyRm verifying C:\Program Files\nodejs\node_global is an npm working directory
60 silly gentlyRm containing path C:\Program Files\nodejs\node_global is under npm's control, in C:\Program Files\nodejs\node_global
61 silly gentlyRm deletion target C:\Program Files\nodejs\node_global\bower is under C:\Program Files\nodejs\node_global
62 verbose gentlyRm vacuuming from C:\Program Files\nodejs\node_global\bower up to C:\Program Files\nodejs\node_global
63 silly vacuum-fs removing C:\Program Files\nodejs\node_global\bower
64 silly vacuum-fs finished vacuuming up to C:\Program Files\nodejs\node_global
65 info postuninstall bower@1.5.2
66 silly gentlyRm C:\Program Files\nodejs\node_global\node_modules\bower is being purged from base C:\Program Files\nodejs\node_global
67 verbose gentlyRm don't care about contents; nuking C:\Program Files\nodejs\node_global\node_modules\bower
68 silly vacuum-fs purging C:\Program Files\nodejs\node_global\node_modules\bower
69 silly vacuum-fs quitting because other entries in C:\Program Files\nodejs\node_global\node_modules
70 verbose tar unpack C:\Program Files\nodejs\node_cache\bower\1.5.3\package.tgz
71 verbose tar unpacking to C:\Program Files\nodejs\node_global\node_modules\bower
72 silly gentlyRm C:\Program Files\nodejs\node_global\node_modules\bower is being purged
73 verbose gentlyRm don't care about contents; nuking C:\Program Files\nodejs\node_global\node_modules\bower
74 silly vacuum-fs Error: EPERM: operation not permitted, lstat 'C:\Program Files\nodejs\node_global\node_modules\bower'
74 silly vacuum-fs     at Error (native)
75 verbose unlock done using C:\Program Files\nodejs\node_cache\_locks\bower-895df03f3b05a740.lock for C:\Program Files\nodejs\node_global\node_modules\bower
76 verbose stack Error: EPERM: operation not permitted, lstat 'C:\Program Files\nodejs\node_global\node_modules\bower'
76 verbose stack     at Error (native)
77 verbose cwd C:\wamp\www\bella-2014\anglajs\elevenlibrary
78 error Windows_NT 6.1.7601
79 error argv "C:\\Program Files\\nodejs\\node.exe" "C:\\Program Files\\nodejs\\node_modules\\npm\\bin\\npm-cli.js" "install" "-g" "bower"
80 error node v4.1.0
81 error npm  v2.14.3
82 error path C:\Program Files\nodejs\node_global\node_modules\bower
83 error code EPERM
84 error errno -4048
85 error syscall lstat
86 error Error: EPERM: operation not permitted, lstat 'C:\Program Files\nodejs\node_global\node_modules\bower'
86 error     at Error (native)
86 error  { [Error: EPERM: operation not permitted, lstat 'C:\Program Files\nodejs\node_global\node_modules\bower']
86 error   errno: -4048,
86 error   code: 'EPERM',
86 error   syscall: 'lstat',
86 error   path: 'C:\\Program Files\\nodejs\\node_global\\node_modules\\bower' }
87 error Please try running this command again as root/Administrator.
88 verbose exit [ -4048, true ]
89 verbose unbuild node_modules\bower
90 silly gentlyRm C:\Program Files\nodejs\node_global\node_modules\bower is being purged from base C:\Program Files\nodejs\node_global
91 verbose gentlyRm don't care about contents; nuking C:\Program Files\nodejs\node_global\node_modules\bower
